<?xml version="1.0" encoding="UTF-8"?>
<!-- Generated by org.testng.reporters.JUnitXMLReporter -->
<testsuite ignored="1" hostname="SwapNik" failures="1" tests="6" name="Default test" time="1.221" errors="0" timestamp="2022-06-11T18:32:12 IST">
  <testcase classname="Test.Keywords" name="testd" time="1.044">
    <failure type="org.testng.internal.thread.ThreadTimeoutException" message="Method Test.Keywords.testd() didn&amp;apos;t finish within the time-out 1000">
      <![CDATA[org.testng.internal.thread.ThreadTimeoutException: Method Test.Keywords.testd() didn't finish within the time-out 1000
at java.base@17.0.2/java.lang.Thread.sleep(Native Method)
at app//Test.Keywords.testd(Keywords.java:21)
at java.base@17.0.2/jdk.internal.reflect.NativeMethodAccessorImpl.invoke0(Native Method)
at java.base@17.0.2/jdk.internal.reflect.NativeMethodAccessorImpl.invoke(NativeMethodAccessorImpl.java:77)
at java.base@17.0.2/jdk.internal.reflect.DelegatingMethodAccessorImpl.invoke(DelegatingMethodAccessorImpl.java:43)
at java.base@17.0.2/java.lang.reflect.Method.invoke(Method.java:568)
at app//org.testng.internal.invokers.MethodInvocationHelper.invokeMethod(MethodInvocationHelper.java:135)
at app//org.testng.internal.invokers.InvokeMethodRunnable.runOne(InvokeMethodRunnable.java:44)
at app//org.testng.internal.invokers.InvokeMethodRunnable.call(InvokeMethodRunnable.java:72)
at app//org.testng.internal.invokers.InvokeMethodRunnable.call(InvokeMethodRunnable.java:10)
at java.base@17.0.2/java.util.concurrent.FutureTask.run(FutureTask.java:264)
at java.base@17.0.2/java.util.concurrent.ThreadPoolExecutor.runWorker(ThreadPoolExecutor.java:1136)
at java.base@17.0.2/java.util.concurrent.ThreadPoolExecutor$Worker.run(ThreadPoolExecutor.java:635)
at java.base@17.0.2/java.lang.Thread.run(Thread.java:833)
]]>
    </failure>
  </testcase> <!-- testd -->
  <testcase classname="Test.Keywords" name="testa" time="0.01"/>
  <testcase classname="Test.Keywords" name="testa" time="0.013"/>
  <testcase classname="Test.Keywords" name="testa" time="0.007"/>
  <testcase classname="Test.Keywords" name="testa" time="0.003"/>
  <testcase classname="Test.Keywords" name="testc" time="0.001">
    <skipped/>
  </testcase> <!-- testc -->
  <testcase classname="Test.Keywords" name="testb" time="0.0">
    <ignored/>
  </testcase> <!-- testb -->
</testsuite> <!-- Default test -->
